<?xml version="1.0" encoding="UTF-8"?>
<testsuite xmlns:xsi="http://www.w3.org/2001/XMLSchema-instance" xsi:noNamespaceSchemaLocation="https://maven.apache.org/surefire/maven-surefire-plugin/xsd/surefire-test-report-3.0.xsd" version="3.0" name="com.ontariotechu.sofe3980U.HelloAPIControllerTest" time="1.186" tests="6" errors="0" skipped="0" failures="0">
  <properties>
[...]
</properties>
  <testcase name="helloAPINoParameter" classname="com.ontariotechu.sofe3980U.HelloAPIControllerTest" time="0.119">
    <system-out><![CDATA[23:11:56.216 [main] DEBUG org.springframework.test.context.junit4.SpringJUnit4ClassRunner - SpringJUnit4ClassRunner constructor called with [class com.ontariotechu.sofe3980U.HelloAPIControllerTest]
23:11:56.219 [main] DEBUG org.springframework.test.context.BootstrapUtils - Instantiating CacheAwareContextLoaderDelegate from class [org.springframework.test.context.cache.DefaultCacheAwareContextLoaderDelegate]
23:11:56.222 [main] DEBUG org.springframework.test.context.BootstrapUtils - Instantiating BootstrapContext using constructor [public org.springframework.test.context.support.DefaultBootstrapContext(java.lang.Class,org.springframework.test.context.CacheAwareContextLoaderDelegate)]
23:11:56.232 [main] DEBUG org.springframework.test.context.BootstrapUtils - Instantiating TestContextBootstrapper for test class [com.ontariotechu.sofe3980U.HelloAPIControllerTest] from class [org.springframework.boot.test.autoconfigure.web.servlet.WebMvcTestContextBootstrapper]
23:11:56.240 [main] INFO org.springframework.boot.test.autoconfigure.web.servlet.WebMvcTestContextBootstrapper - Neither @ContextConfiguration nor @ContextHierarchy found for test class [com.ontariotechu.sofe3980U.HelloAPIControllerTest], using SpringBootContextLoader
23:11:56.241 [main] DEBUG org.springframework.test.context.support.AbstractContextLoader - Did not detect default resource location for test class [com.ontariotechu.sofe3980U.HelloAPIControllerTest]: class path resource [com/ontariotechu/sofe3980U/HelloAPIControllerTest-context.xml] does not exist
23:11:56.241 [main] DEBUG org.springframework.test.context.support.AbstractContextLoader - Did not detect default resource location for test class [com.ontariotechu.sofe3980U.HelloAPIControllerTest]: class path resource [com/ontariotechu/sofe3980U/HelloAPIControllerTestContext.groovy] does not exist
23:11:56.242 [main] INFO org.springframework.test.context.support.AbstractContextLoader - Could not detect default resource locations for test class [com.ontariotechu.sofe3980U.HelloAPIControllerTest]: no resource found for suffixes {-context.xml, Context.groovy}.
23:11:56.242 [main] INFO org.springframework.test.context.support.AnnotationConfigContextLoaderUtils - Could not detect default configuration classes for test class [com.ontariotechu.sofe3980U.HelloAPIControllerTest]: HelloAPIControllerTest does not declare any static, non-private, non-final, nested classes annotated with @Configuration.
23:11:56.281 [main] DEBUG org.springframework.test.context.support.ActiveProfilesUtils - Could not find an 'annotation declaring class' for annotation type [org.springframework.test.context.ActiveProfiles] and class [com.ontariotechu.sofe3980U.HelloAPIControllerTest]
23:11:56.314 [main] DEBUG org.springframework.context.annotation.ClassPathScanningCandidateComponentProvider - Identified candidate component class: file [/Users/vietnguyen/Documents/CIML/Software Quality and Project/Lab2/BinaryCalculatorWebapp/target/classes/com/ontariotechu/sofe3980U/Application.class]
23:11:56.324 [main] INFO org.springframework.boot.test.context.SpringBootTestContextBootstrapper - Found @SpringBootConfiguration com.ontariotechu.sofe3980U.Application for test class com.ontariotechu.sofe3980U.HelloAPIControllerTest
23:11:56.325 [main] DEBUG org.springframework.boot.test.autoconfigure.web.servlet.WebMvcTestContextBootstrapper - @TestExecutionListeners is not present for class [com.ontariotechu.sofe3980U.HelloAPIControllerTest]: using defaults.
23:11:56.325 [main] INFO org.springframework.boot.test.autoconfigure.web.servlet.WebMvcTestContextBootstrapper - Loaded default TestExecutionListener class names from location [META-INF/spring.factories]: [org.springframework.boot.test.mock.mockito.MockitoTestExecutionListener, org.springframework.boot.test.mock.mockito.ResetMocksTestExecutionListener, org.springframework.boot.test.autoconfigure.restdocs.RestDocsTestExecutionListener, org.springframework.boot.test.autoconfigure.web.client.MockRestServiceServerResetTestExecutionListener, org.springframework.boot.test.autoconfigure.web.servlet.MockMvcPrintOnlyOnFailureTestExecutionListener, org.springframework.boot.test.autoconfigure.web.servlet.WebDriverTestExecutionListener, org.springframework.test.context.web.ServletTestExecutionListener, org.springframework.test.context.support.DirtiesContextBeforeModesTestExecutionListener, org.springframework.test.context.support.DependencyInjectionTestExecutionListener, org.springframework.test.context.support.DirtiesContextTestExecutionListener, org.springframework.test.context.transaction.TransactionalTestExecutionListener, org.springframework.test.context.jdbc.SqlScriptsTestExecutionListener]
23:11:56.329 [main] DEBUG org.springframework.boot.test.autoconfigure.web.servlet.WebMvcTestContextBootstrapper - Skipping candidate TestExecutionListener [org.springframework.test.context.transaction.TransactionalTestExecutionListener] due to a missing dependency. Specify custom listener classes or make the default listener classes and their required dependencies available. Offending class: [org/springframework/transaction/TransactionDefinition]
23:11:56.329 [main] DEBUG org.springframework.boot.test.autoconfigure.web.servlet.WebMvcTestContextBootstrapper - Skipping candidate TestExecutionListener [org.springframework.test.context.jdbc.SqlScriptsTestExecutionListener] due to a missing dependency. Specify custom listener classes or make the default listener classes and their required dependencies available. Offending class: [org/springframework/transaction/interceptor/TransactionAttribute]
23:11:56.329 [main] INFO org.springframework.boot.test.autoconfigure.web.servlet.WebMvcTestContextBootstrapper - Using TestExecutionListeners: [org.springframework.test.context.web.ServletTestExecutionListener@101952da, org.springframework.test.context.support.DirtiesContextBeforeModesTestExecutionListener@6babf3bf, org.springframework.boot.test.mock.mockito.MockitoTestExecutionListener@3059cbc, org.springframework.boot.test.autoconfigure.SpringBootDependencyInjectionTestExecutionListener@7ea9e1e2, org.springframework.test.context.support.DirtiesContextTestExecutionListener@24fcf36f, org.springframework.boot.test.mock.mockito.ResetMocksTestExecutionListener@10feca44, org.springframework.boot.test.autoconfigure.restdocs.RestDocsTestExecutionListener@3fb1549b, org.springframework.boot.test.autoconfigure.web.client.MockRestServiceServerResetTestExecutionListener@ea6147e, org.springframework.boot.test.autoconfigure.web.servlet.MockMvcPrintOnlyOnFailureTestExecutionListener@4d02f94e, org.springframework.boot.test.autoconfigure.web.servlet.WebDriverTestExecutionListener@2b48a640]
23:11:56.330 [main] DEBUG org.springframework.test.annotation.ProfileValueUtils - Retrieved @ProfileValueSourceConfiguration [null] for test class [com.ontariotechu.sofe3980U.HelloAPIControllerTest]
23:11:56.330 [main] DEBUG org.springframework.test.annotation.ProfileValueUtils - Retrieved ProfileValueSource type [class org.springframework.test.annotation.SystemProfileValueSource] for class [com.ontariotechu.sofe3980U.HelloAPIControllerTest]
23:11:56.330 [main] DEBUG org.springframework.test.annotation.ProfileValueUtils - Retrieved @ProfileValueSourceConfiguration [null] for test class [com.ontariotechu.sofe3980U.HelloAPIControllerTest]
23:11:56.330 [main] DEBUG org.springframework.test.annotation.ProfileValueUtils - Retrieved ProfileValueSource type [class org.springframework.test.annotation.SystemProfileValueSource] for class [com.ontariotechu.sofe3980U.HelloAPIControllerTest]
23:11:56.330 [main] DEBUG org.springframework.test.annotation.ProfileValueUtils - Retrieved @ProfileValueSourceConfiguration [null] for test class [com.ontariotechu.sofe3980U.HelloAPIControllerTest]
23:11:56.330 [main] DEBUG org.springframework.test.annotation.ProfileValueUtils - Retrieved ProfileValueSource type [class org.springframework.test.annotation.SystemProfileValueSource] for class [com.ontariotechu.sofe3980U.HelloAPIControllerTest]
23:11:56.331 [main] DEBUG org.springframework.test.annotation.ProfileValueUtils - Retrieved @ProfileValueSourceConfiguration [null] for test class [com.ontariotechu.sofe3980U.HelloAPIControllerTest]
23:11:56.331 [main] DEBUG org.springframework.test.annotation.ProfileValueUtils - Retrieved ProfileValueSource type [class org.springframework.test.annotation.SystemProfileValueSource] for class [com.ontariotechu.sofe3980U.HelloAPIControllerTest]
23:11:56.331 [main] DEBUG org.springframework.test.annotation.ProfileValueUtils - Retrieved @ProfileValueSourceConfiguration [null] for test class [com.ontariotechu.sofe3980U.HelloAPIControllerTest]
23:11:56.331 [main] DEBUG org.springframework.test.annotation.ProfileValueUtils - Retrieved ProfileValueSource type [class org.springframework.test.annotation.SystemProfileValueSource] for class [com.ontariotechu.sofe3980U.HelloAPIControllerTest]
23:11:56.333 [main] DEBUG org.springframework.test.context.support.AbstractDirtiesContextTestExecutionListener - Before test class: context [DefaultTestContext@6283d8b8 testClass = HelloAPIControllerTest, testInstance = [null], testMethod = [null], testException = [null], mergedContextConfiguration = [WebMergedContextConfiguration@3b6ddd1d testClass = HelloAPIControllerTest, locations = '{}', classes = '{class com.ontariotechu.sofe3980U.Application}', contextInitializerClasses = '[]', activeProfiles = '{}', propertySourceLocations = '{}', propertySourceProperties = '{org.springframework.boot.test.autoconfigure.web.servlet.WebMvcTestContextBootstrapper=true}', contextCustomizers = set[[ImportsContextCustomizer@3f6b0be5 key = [org.springframework.boot.autoconfigure.cache.CacheAutoConfiguration, org.springframework.boot.autoconfigure.context.MessageSourceAutoConfiguration, org.springframework.boot.autoconfigure.data.web.SpringDataWebAutoConfiguration, org.springframework.boot.autoconfigure.freemarker.FreeMarkerAutoConfiguration, org.springframework.boot.autoconfigure.groovy.template.GroovyTemplateAutoConfiguration, org.springframework.boot.autoconfigure.gson.GsonAutoConfiguration, org.springframework.boot.autoconfigure.hateoas.HypermediaAutoConfiguration, org.springframework.boot.autoconfigure.http.HttpMessageConvertersAutoConfiguration, org.springframework.boot.autoconfigure.jackson.JacksonAutoConfiguration, org.springframework.boot.autoconfigure.jsonb.JsonbAutoConfiguration, org.springframework.boot.autoconfigure.mustache.MustacheAutoConfiguration, org.springframework.boot.autoconfigure.task.TaskExecutionAutoConfiguration, org.springframework.boot.autoconfigure.thymeleaf.ThymeleafAutoConfiguration, org.springframework.boot.autoconfigure.validation.ValidationAutoConfiguration, org.springframework.boot.autoconfigure.web.servlet.error.ErrorMvcAutoConfiguration, org.springframework.boot.autoconfigure.web.servlet.WebMvcAutoConfiguration, org.springframework.boot.test.autoconfigure.web.servlet.MockMvcAutoConfiguration, org.springframework.boot.test.autoconfigure.web.servlet.MockMvcSecurityAutoConfiguration, org.springframework.boot.test.autoconfigure.web.servlet.MockMvcWebClientAutoConfiguration, org.springframework.boot.test.autoconfigure.web.servlet.MockMvcWebDriverAutoConfiguration]], org.springframework.boot.test.context.filter.ExcludeFilterContextCustomizer@595b007d, org.springframework.boot.test.json.DuplicateJsonObjectContextCustomizerFactory$DuplicateJsonObjectContextCustomizer@399f45b1, org.springframework.boot.test.mock.mockito.MockitoContextCustomizer@0, org.springframework.boot.test.autoconfigure.OverrideAutoConfigurationContextCustomizerFactory$DisableAutoConfigurationContextCustomizer@49139829, org.springframework.boot.test.autoconfigure.filter.TypeExcludeFiltersContextCustomizer@a11586a9, org.springframework.boot.test.autoconfigure.properties.PropertyMappingContextCustomizer@90f41148, org.springframework.boot.test.autoconfigure.web.servlet.WebDriverContextCustomizerFactory$Customizer@5e0e82ae], resourceBasePath = '', contextLoader = 'org.springframework.boot.test.context.SpringBootContextLoader', parent = [null]], attributes = map[[empty]]], class annotated with @DirtiesContext [false] with mode [null].
23:11:56.333 [main] DEBUG org.springframework.test.annotation.ProfileValueUtils - Retrieved @ProfileValueSourceConfiguration [null] for test class [com.ontariotechu.sofe3980U.HelloAPIControllerTest]
23:11:56.333 [main] DEBUG org.springframework.test.annotation.ProfileValueUtils - Retrieved ProfileValueSource type [class org.springframework.test.annotation.SystemProfileValueSource] for class [com.ontariotechu.sofe3980U.HelloAPIControllerTest]
23:11:56.335 [main] DEBUG org.springframework.test.context.support.DependencyInjectionTestExecutionListener - Performing dependency injection for test context [[DefaultTestContext@6283d8b8 testClass = HelloAPIControllerTest, testInstance = com.ontariotechu.sofe3980U.HelloAPIControllerTest@6fd83fc1, testMethod = [null], testException = [null], mergedContextConfiguration = [WebMergedContextConfiguration@3b6ddd1d testClass = HelloAPIControllerTest, locations = '{}', classes = '{class com.ontariotechu.sofe3980U.Application}', contextInitializerClasses = '[]', activeProfiles = '{}', propertySourceLocations = '{}', propertySourceProperties = '{org.springframework.boot.test.autoconfigure.web.servlet.WebMvcTestContextBootstrapper=true}', contextCustomizers = set[[ImportsContextCustomizer@3f6b0be5 key = [org.springframework.boot.autoconfigure.cache.CacheAutoConfiguration, org.springframework.boot.autoconfigure.context.MessageSourceAutoConfiguration, org.springframework.boot.autoconfigure.data.web.SpringDataWebAutoConfiguration, org.springframework.boot.autoconfigure.freemarker.FreeMarkerAutoConfiguration, org.springframework.boot.autoconfigure.groovy.template.GroovyTemplateAutoConfiguration, org.springframework.boot.autoconfigure.gson.GsonAutoConfiguration, org.springframework.boot.autoconfigure.hateoas.HypermediaAutoConfiguration, org.springframework.boot.autoconfigure.http.HttpMessageConvertersAutoConfiguration, org.springframework.boot.autoconfigure.jackson.JacksonAutoConfiguration, org.springframework.boot.autoconfigure.jsonb.JsonbAutoConfiguration, org.springframework.boot.autoconfigure.mustache.MustacheAutoConfiguration, org.springframework.boot.autoconfigure.task.TaskExecutionAutoConfiguration, org.springframework.boot.autoconfigure.thymeleaf.ThymeleafAutoConfiguration, org.springframework.boot.autoconfigure.validation.ValidationAutoConfiguration, org.springframework.boot.autoconfigure.web.servlet.error.ErrorMvcAutoConfiguration, org.springframework.boot.autoconfigure.web.servlet.WebMvcAutoConfiguration, org.springframework.boot.test.autoconfigure.web.servlet.MockMvcAutoConfiguration, org.springframework.boot.test.autoconfigure.web.servlet.MockMvcSecurityAutoConfiguration, org.springframework.boot.test.autoconfigure.web.servlet.MockMvcWebClientAutoConfiguration, org.springframework.boot.test.autoconfigure.web.servlet.MockMvcWebDriverAutoConfiguration]], org.springframework.boot.test.context.filter.ExcludeFilterContextCustomizer@595b007d, org.springframework.boot.test.json.DuplicateJsonObjectContextCustomizerFactory$DuplicateJsonObjectContextCustomizer@399f45b1, org.springframework.boot.test.mock.mockito.MockitoContextCustomizer@0, org.springframework.boot.test.autoconfigure.OverrideAutoConfigurationContextCustomizerFactory$DisableAutoConfigurationContextCustomizer@49139829, org.springframework.boot.test.autoconfigure.filter.TypeExcludeFiltersContextCustomizer@a11586a9, org.springframework.boot.test.autoconfigure.properties.PropertyMappingContextCustomizer@90f41148, org.springframework.boot.test.autoconfigure.web.servlet.WebDriverContextCustomizerFactory$Customizer@5e0e82ae], resourceBasePath = '', contextLoader = 'org.springframework.boot.test.context.SpringBootContextLoader', parent = [null]], attributes = map[[empty]]]].
23:11:56.373 [main] DEBUG org.springframework.test.context.support.TestPropertySourceUtils - Adding inlined properties to environment: {spring.jmx.enabled=false, org.springframework.boot.test.autoconfigure.web.servlet.WebMvcTestContextBootstrapper=true, server.port=-1}

  .   ____          _            __ _ _
 /\\ / ___'_ __ _ _(_)_ __  __ _ \ \ \ \
( ( )\___ | '_ | '_| | '_ \/ _` | \ \ \ \
 \\/  ___)| |_)| | | | | || (_| |  ) ) ) )
  '  |____| .__|_| |_|_| |_\__, | / / / /
 =========|_|==============|___/=/_/_/_/
&amp#27;[32m :: Spring Boot :: &amp#27;[39m      &amp#27;[2m (v2.1.2.RELEASE)&amp#27;[0;39m

&amp#27;[2m2025-02-11 23:11:56.489&amp#27;[0;39m &amp#27;[32m INFO&amp#27;[0;39m &amp#27;[35m20802&amp#27;[0;39m &amp#27;[2m---&amp#27;[0;39m &amp#27;[2m[           main]&amp#27;[0;39m &amp#27;[36mc.o.sofe3980U.HelloAPIControllerTest    &amp#27;[0;39m &amp#27;[2m:&amp#27;[0;39m Starting HelloAPIControllerTest on MacBookPro with PID 20802 (started by vietnguyen in /Users/vietnguyen/Documents/CIML/Software Quality and Project/Lab2/BinaryCalculatorWebapp)
&amp#27;[2m2025-02-11 23:11:56.491&amp#27;[0;39m &amp#27;[32m INFO&amp#27;[0;39m &amp#27;[35m20802&amp#27;[0;39m &amp#27;[2m---&amp#27;[0;39m &amp#27;[2m[           main]&amp#27;[0;39m &amp#27;[36mc.o.sofe3980U.HelloAPIControllerTest    &amp#27;[0;39m &amp#27;[2m:&amp#27;[0;39m No active profile set, falling back to default profiles: default
&amp#27;[2m2025-02-11 23:11:56.977&amp#27;[0;39m &amp#27;[32m INFO&amp#27;[0;39m &amp#27;[35m20802&amp#27;[0;39m &amp#27;[2m---&amp#27;[0;39m &amp#27;[2m[           main]&amp#27;[0;39m &amp#27;[36mo.s.s.concurrent.ThreadPoolTaskExecutor &amp#27;[0;39m &amp#27;[2m:&amp#27;[0;39m Initializing ExecutorService 'applicationTaskExecutor'
&amp#27;[2m2025-02-11 23:11:57.100&amp#27;[0;39m &amp#27;[32m INFO&amp#27;[0;39m &amp#27;[35m20802&amp#27;[0;39m &amp#27;[2m---&amp#27;[0;39m &amp#27;[2m[           main]&amp#27;[0;39m &amp#27;[36mo.s.b.t.m.w.SpringBootMockServletContext&amp#27;[0;39m &amp#27;[2m:&amp#27;[0;39m Initializing Spring TestDispatcherServlet ''
&amp#27;[2m2025-02-11 23:11:57.100&amp#27;[0;39m &amp#27;[32m INFO&amp#27;[0;39m &amp#27;[35m20802&amp#27;[0;39m &amp#27;[2m---&amp#27;[0;39m &amp#27;[2m[           main]&amp#27;[0;39m &amp#27;[36mo.s.t.web.servlet.TestDispatcherServlet &amp#27;[0;39m &amp#27;[2m:&amp#27;[0;39m Initializing Servlet ''
&amp#27;[2m2025-02-11 23:11:57.104&amp#27;[0;39m &amp#27;[32m INFO&amp#27;[0;39m &amp#27;[35m20802&amp#27;[0;39m &amp#27;[2m---&amp#27;[0;39m &amp#27;[2m[           main]&amp#27;[0;39m &amp#27;[36mo.s.t.web.servlet.TestDispatcherServlet &amp#27;[0;39m &amp#27;[2m:&amp#27;[0;39m Completed initialization in 4 ms
&amp#27;[2m2025-02-11 23:11:57.120&amp#27;[0;39m &amp#27;[32m INFO&amp#27;[0;39m &amp#27;[35m20802&amp#27;[0;39m &amp#27;[2m---&amp#27;[0;39m &amp#27;[2m[           main]&amp#27;[0;39m &amp#27;[36mc.o.sofe3980U.HelloAPIControllerTest    &amp#27;[0;39m &amp#27;[2m:&amp#27;[0;39m Started HelloAPIControllerTest in 0.744 seconds (JVM running for 1.182)
]]></system-out>
  </testcase>
  <testcase name="helloAPIWithName" classname="com.ontariotechu.sofe3980U.HelloAPIControllerTest" time="0.001"/>
  <testcase name="EmailAPINoParameters" classname="com.ontariotechu.sofe3980U.HelloAPIControllerTest" time="0.028"/>
  <testcase name="EmailAPIWithFirstName" classname="com.ontariotechu.sofe3980U.HelloAPIControllerTest" time="0.005"/>
  <testcase name="EmailAPIWithFullName" classname="com.ontariotechu.sofe3980U.HelloAPIControllerTest" time="0.002"/>
  <testcase name="EmailAPIWithLastName" classname="com.ontariotechu.sofe3980U.HelloAPIControllerTest" time="0.002"/>
</testsuite>