<?xml version="1.0" encoding="UTF-8"?>
<testsuite xmlns:xsi="http://www.w3.org/2001/XMLSchema-instance" xsi:noNamespaceSchemaLocation="https://maven.apache.org/surefire/maven-surefire-plugin/xsd/surefire-test-report-3.0.xsd" version="3.0" name="com.ontariotechu.sofe3980U.BinaryAPIControllerTest" time="0.178" tests="14" errors="0" skipped="0" failures="0">
  <properties>
[...]
</properties>
  <testcase name="differentlengths" classname="com.ontariotechu.sofe3980U.BinaryAPIControllerTest" time="0.004">
    <system-out><![CDATA[&amp#27;[2m2025-02-11 23:11:57.288&amp#27;[0;39m &amp#27;[32m INFO&amp#27;[0;39m &amp#27;[35m20802&amp#27;[0;39m &amp#27;[2m---&amp#27;[0;39m &amp#27;[2m[           main]&amp#27;[0;39m &amp#27;[36m.b.t.a.w.s.WebMvcTestContextBootstrapper&amp#27;[0;39m &amp#27;[2m:&amp#27;[0;39m Neither @ContextConfiguration nor @ContextHierarchy found for test class [com.ontariotechu.sofe3980U.BinaryAPIControllerTest], using SpringBootContextLoader
&amp#27;[2m2025-02-11 23:11:57.289&amp#27;[0;39m &amp#27;[32m INFO&amp#27;[0;39m &amp#27;[35m20802&amp#27;[0;39m &amp#27;[2m---&amp#27;[0;39m &amp#27;[2m[           main]&amp#27;[0;39m &amp#27;[36mo.s.t.c.support.AbstractContextLoader   &amp#27;[0;39m &amp#27;[2m:&amp#27;[0;39m Could not detect default resource locations for test class [com.ontariotechu.sofe3980U.BinaryAPIControllerTest]: no resource found for suffixes {-context.xml, Context.groovy}.
&amp#27;[2m2025-02-11 23:11:57.289&amp#27;[0;39m &amp#27;[32m INFO&amp#27;[0;39m &amp#27;[35m20802&amp#27;[0;39m &amp#27;[2m---&amp#27;[0;39m &amp#27;[2m[           main]&amp#27;[0;39m &amp#27;[36mt.c.s.AnnotationConfigContextLoaderUtils&amp#27;[0;39m &amp#27;[2m:&amp#27;[0;39m Could not detect default configuration classes for test class [com.ontariotechu.sofe3980U.BinaryAPIControllerTest]: BinaryAPIControllerTest does not declare any static, non-private, non-final, nested classes annotated with @Configuration.
&amp#27;[2m2025-02-11 23:11:57.291&amp#27;[0;39m &amp#27;[32m INFO&amp#27;[0;39m &amp#27;[35m20802&amp#27;[0;39m &amp#27;[2m---&amp#27;[0;39m &amp#27;[2m[           main]&amp#27;[0;39m &amp#27;[36m.b.t.c.SpringBootTestContextBootstrapper&amp#27;[0;39m &amp#27;[2m:&amp#27;[0;39m Found @SpringBootConfiguration com.ontariotechu.sofe3980U.Application for test class com.ontariotechu.sofe3980U.BinaryAPIControllerTest
&amp#27;[2m2025-02-11 23:11:57.291&amp#27;[0;39m &amp#27;[32m INFO&amp#27;[0;39m &amp#27;[35m20802&amp#27;[0;39m &amp#27;[2m---&amp#27;[0;39m &amp#27;[2m[           main]&amp#27;[0;39m &amp#27;[36m.b.t.a.w.s.WebMvcTestContextBootstrapper&amp#27;[0;39m &amp#27;[2m:&amp#27;[0;39m Loaded default TestExecutionListener class names from location [META-INF/spring.factories]: [org.springframework.boot.test.mock.mockito.MockitoTestExecutionListener, org.springframework.boot.test.mock.mockito.ResetMocksTestExecutionListener, org.springframework.boot.test.autoconfigure.restdocs.RestDocsTestExecutionListener, org.springframework.boot.test.autoconfigure.web.client.MockRestServiceServerResetTestExecutionListener, org.springframework.boot.test.autoconfigure.web.servlet.MockMvcPrintOnlyOnFailureTestExecutionListener, org.springframework.boot.test.autoconfigure.web.servlet.WebDriverTestExecutionListener, org.springframework.test.context.web.ServletTestExecutionListener, org.springframework.test.context.support.DirtiesContextBeforeModesTestExecutionListener, org.springframework.test.context.support.DependencyInjectionTestExecutionListener, org.springframework.test.context.support.DirtiesContextTestExecutionListener, org.springframework.test.context.transaction.TransactionalTestExecutionListener, org.springframework.test.context.jdbc.SqlScriptsTestExecutionListener]
&amp#27;[2m2025-02-11 23:11:57.291&amp#27;[0;39m &amp#27;[32m INFO&amp#27;[0;39m &amp#27;[35m20802&amp#27;[0;39m &amp#27;[2m---&amp#27;[0;39m &amp#27;[2m[           main]&amp#27;[0;39m &amp#27;[36m.b.t.a.w.s.WebMvcTestContextBootstrapper&amp#27;[0;39m &amp#27;[2m:&amp#27;[0;39m Using TestExecutionListeners: [org.springframework.test.context.web.ServletTestExecutionListener@5d5a51b1, org.springframework.test.context.support.DirtiesContextBeforeModesTestExecutionListener@4dc7cd1c, org.springframework.boot.test.mock.mockito.MockitoTestExecutionListener@50ab56e2, org.springframework.boot.test.autoconfigure.SpringBootDependencyInjectionTestExecutionListener@7b5b5bfe, org.springframework.test.context.support.DirtiesContextTestExecutionListener@74834afd, org.springframework.boot.test.mock.mockito.ResetMocksTestExecutionListener@75fd65c, org.springframework.boot.test.autoconfigure.restdocs.RestDocsTestExecutionListener@d499c13, org.springframework.boot.test.autoconfigure.web.client.MockRestServiceServerResetTestExecutionListener@2ceca2ef, org.springframework.boot.test.autoconfigure.web.servlet.MockMvcPrintOnlyOnFailureTestExecutionListener@42d6c12d, org.springframework.boot.test.autoconfigure.web.servlet.WebDriverTestExecutionListener@3b42121d]

  .   ____          _            __ _ _
 /\\ / ___'_ __ _ _(_)_ __  __ _ \ \ \ \
( ( )\___ | '_ | '_| | '_ \/ _` | \ \ \ \
 \\/  ___)| |_)| | | | | || (_| |  ) ) ) )
  '  |____| .__|_| |_|_| |_\__, | / / / /
 =========|_|==============|___/=/_/_/_/
&amp#27;[32m :: Spring Boot :: &amp#27;[39m      &amp#27;[2m (v2.1.2.RELEASE)&amp#27;[0;39m

&amp#27;[2m2025-02-11 23:11:57.299&amp#27;[0;39m &amp#27;[32m INFO&amp#27;[0;39m &amp#27;[35m20802&amp#27;[0;39m &amp#27;[2m---&amp#27;[0;39m &amp#27;[2m[           main]&amp#27;[0;39m &amp#27;[36mc.o.sofe3980U.BinaryAPIControllerTest   &amp#27;[0;39m &amp#27;[2m:&amp#27;[0;39m Starting BinaryAPIControllerTest on MacBookPro with PID 20802 (started by vietnguyen in /Users/vietnguyen/Documents/CIML/Software Quality and Project/Lab2/BinaryCalculatorWebapp)
&amp#27;[2m2025-02-11 23:11:57.299&amp#27;[0;39m &amp#27;[32m INFO&amp#27;[0;39m &amp#27;[35m20802&amp#27;[0;39m &amp#27;[2m---&amp#27;[0;39m &amp#27;[2m[           main]&amp#27;[0;39m &amp#27;[36mc.o.sofe3980U.BinaryAPIControllerTest   &amp#27;[0;39m &amp#27;[2m:&amp#27;[0;39m No active profile set, falling back to default profiles: default
&amp#27;[2m2025-02-11 23:11:57.406&amp#27;[0;39m &amp#27;[32m INFO&amp#27;[0;39m &amp#27;[35m20802&amp#27;[0;39m &amp#27;[2m---&amp#27;[0;39m &amp#27;[2m[           main]&amp#27;[0;39m &amp#27;[36mo.s.s.concurrent.ThreadPoolTaskExecutor &amp#27;[0;39m &amp#27;[2m:&amp#27;[0;39m Initializing ExecutorService 'applicationTaskExecutor'
&amp#27;[2m2025-02-11 23:11:57.443&amp#27;[0;39m &amp#27;[32m INFO&amp#27;[0;39m &amp#27;[35m20802&amp#27;[0;39m &amp#27;[2m---&amp#27;[0;39m &amp#27;[2m[           main]&amp#27;[0;39m &amp#27;[36mo.s.b.t.m.w.SpringBootMockServletContext&amp#27;[0;39m &amp#27;[2m:&amp#27;[0;39m Initializing Spring TestDispatcherServlet ''
&amp#27;[2m2025-02-11 23:11:57.443&amp#27;[0;39m &amp#27;[32m INFO&amp#27;[0;39m &amp#27;[35m20802&amp#27;[0;39m &amp#27;[2m---&amp#27;[0;39m &amp#27;[2m[           main]&amp#27;[0;39m &amp#27;[36mo.s.t.web.servlet.TestDispatcherServlet &amp#27;[0;39m &amp#27;[2m:&amp#27;[0;39m Initializing Servlet ''
&amp#27;[2m2025-02-11 23:11:57.445&amp#27;[0;39m &amp#27;[32m INFO&amp#27;[0;39m &amp#27;[35m20802&amp#27;[0;39m &amp#27;[2m---&amp#27;[0;39m &amp#27;[2m[           main]&amp#27;[0;39m &amp#27;[36mo.s.t.web.servlet.TestDispatcherServlet &amp#27;[0;39m &amp#27;[2m:&amp#27;[0;39m Completed initialization in 2 ms
&amp#27;[2m2025-02-11 23:11:57.450&amp#27;[0;39m &amp#27;[32m INFO&amp#27;[0;39m &amp#27;[35m20802&amp#27;[0;39m &amp#27;[2m---&amp#27;[0;39m &amp#27;[2m[           main]&amp#27;[0;39m &amp#27;[36mc.o.sofe3980U.BinaryAPIControllerTest   &amp#27;[0;39m &amp#27;[2m:&amp#27;[0;39m Started BinaryAPIControllerTest in 0.157 seconds (JVM running for 1.512)
]]></system-out>
  </testcase>
  <testcase name="addwithzero" classname="com.ontariotechu.sofe3980U.BinaryAPIControllerTest" time="0.001"/>
  <testcase name="differentlengthsor" classname="com.ontariotechu.sofe3980U.BinaryAPIControllerTest" time="0.002"/>
  <testcase name="mult1s" classname="com.ontariotechu.sofe3980U.BinaryAPIControllerTest" time="0.002"/>
  <testcase name="mult0difflength" classname="com.ontariotechu.sofe3980U.BinaryAPIControllerTest" time="0.002"/>
  <testcase name="or" classname="com.ontariotechu.sofe3980U.BinaryAPIControllerTest" time="0.002"/>
  <testcase name="add" classname="com.ontariotechu.sofe3980U.BinaryAPIControllerTest" time="0.002"/>
  <testcase name="and" classname="com.ontariotechu.sofe3980U.BinaryAPIControllerTest" time="0.002"/>
  <testcase name="add2" classname="com.ontariotechu.sofe3980U.BinaryAPIControllerTest" time="0.002"/>
  <testcase name="mult" classname="com.ontariotechu.sofe3980U.BinaryAPIControllerTest" time="0.001"/>
  <testcase name="or0s" classname="com.ontariotechu.sofe3980U.BinaryAPIControllerTest" time="0.001"/>
  <testcase name="and1s" classname="com.ontariotechu.sofe3980U.BinaryAPIControllerTest" time="0.001"/>
  <testcase name="carryover" classname="com.ontariotechu.sofe3980U.BinaryAPIControllerTest" time="0.001"/>
  <testcase name="and0difflength" classname="com.ontariotechu.sofe3980U.BinaryAPIControllerTest" time="0.002"/>
</testsuite>